<?xml version="1.0" encoding="UTF-8"?>
<!-- Generated by org.testng.reporters.JUnitReportReporter -->
<testsuite hostname="CDC5-156084239-P.local" name="com.test.testng.FramworkConfig" tests="1" failures="0" timestamp="30 Jun 2016 16:36:07 GMT" time="10.109" errors="0">
  <testcase name="runTest" time="10.109" classname="com.test.testng.FramworkConfig"/>
</testsuite> <!-- com.test.testng.FramworkConfig -->
