<?xml version="1.0" encoding="UTF-8"?>
<!-- Generated by org.testng.reporters.JUnitReportReporter -->
<testsuite hostname="L-156084239.local" name="com.test.webdriver.WebDriverTest" tests="1" failures="0" timestamp="5 Jan 2018 14:33:44 GMT" time="0.035" errors="0">
  <testcase name="runTest" time="0.035" classname="com.test.webdriver.WebDriverTest"/>
</testsuite> <!-- com.test.webdriver.WebDriverTest -->
